[     880ms] [LOG] [Fast Refresh] rebuilding @ webpack-internal:///(app-pages-browser)/./node_modules/.pnpm/next@15.2.8_@babel+core@7.29.0_@opentelemetry+api@1.9.1_react-dom@19.2.4_react@19.2.4__react@19.2.4/node_modules/next/dist/client/components/react-dev-overlay/app/hot-reloader-client.js:241
[    1395ms] [LOG] [Fast Refresh] done in 515ms @ webpack-internal:///(app-pages-browser)/./node_modules/.pnpm/next@15.2.8_@babel+core@7.29.0_@opentelemetry+api@1.9.1_react-dom@19.2.4_react@19.2.4__react@19.2.4/node_modules/next/dist/client/components/react-dev-overlay/app/hot-reloader-client.js:73
[    3392ms] [INFO] %cDownload the React DevTools for a better development experience: https://react.dev/link/react-devtools font-weight:bold @ webpack-internal:///(app-pages-browser)/./node_modules/.pnpm/next@15.2.8_@babel+core@7.29.0_@opentelemetry+api@1.9.1_react-dom@19.2.4_react@19.2.4__react@19.2.4/node_modules/next/dist/compiled/react-dom/cjs/react-dom-client.development.js:24914
[    3490ms] [WARNING] Clerk: Clerk has been loaded with development keys. Development instances have strict usage limits and should not be used when deploying your application to production. Learn more: https://clerk.com/docs/deployments/overview @ https://obliging-lizard-16.clerk.accounts.dev/npm/@clerk/clerk-js@5/dist/clerk.browser.js:18
[    3542ms] [ERROR] Failed to load resource: net::ERR_CONNECTION_REFUSED @ http://localhost:9000/shipping-options:0
[   27936ms] [INFO] %cDownload the React DevTools for a better development experience: https://react.dev/link/react-devtools font-weight:bold @ webpack-internal:///(app-pages-browser)/./node_modules/.pnpm/next@15.2.8_@babel+core@7.29.0_@opentelemetry+api@1.9.1_react-dom@19.2.4_react@19.2.4__react@19.2.4/node_modules/next/dist/compiled/react-dom/cjs/react-dom-client.development.js:24914
[   28031ms] [WARNING] Clerk: Clerk has been loaded with development keys. Development instances have strict usage limits and should not be used when deploying your application to production. Learn more: https://clerk.com/docs/deployments/overview @ https://obliging-lizard-16.clerk.accounts.dev/npm/@clerk/clerk-js@5/dist/clerk.browser.js:18
[   28086ms] [ERROR] Failed to load resource: net::ERR_CONNECTION_REFUSED @ http://localhost:9000/shipping-options:0
[   32798ms] [INFO] %cDownload the React DevTools for a better development experience: https://react.dev/link/react-devtools font-weight:bold @ webpack-internal:///(app-pages-browser)/./node_modules/.pnpm/next@15.2.8_@babel+core@7.29.0_@opentelemetry+api@1.9.1_react-dom@19.2.4_react@19.2.4__react@19.2.4/node_modules/next/dist/compiled/react-dom/cjs/react-dom-client.development.js:24914
[   32897ms] [WARNING] Clerk: Clerk has been loaded with development keys. Development instances have strict usage limits and should not be used when deploying your application to production. Learn more: https://clerk.com/docs/deployments/overview @ https://obliging-lizard-16.clerk.accounts.dev/npm/@clerk/clerk-js@5/dist/clerk.browser.js:18
[   32944ms] [ERROR] Failed to load resource: net::ERR_CONNECTION_REFUSED @ http://localhost:9000/shipping-options:0
[  220552ms] [LOG] [Fast Refresh] rebuilding @ webpack-internal:///(app-pages-browser)/./node_modules/.pnpm/next@15.2.8_@babel+core@7.29.0_@opentelemetry+api@1.9.1_react-dom@19.2.4_react@19.2.4__react@19.2.4/node_modules/next/dist/client/components/react-dev-overlay/app/hot-reloader-client.js:241
[  221542ms] [LOG] [Fast Refresh] done in 990ms @ webpack-internal:///(app-pages-browser)/./node_modules/.pnpm/next@15.2.8_@babel+core@7.29.0_@opentelemetry+api@1.9.1_react-dom@19.2.4_react@19.2.4__react@19.2.4/node_modules/next/dist/client/components/react-dev-overlay/app/hot-reloader-client.js:73
[  241633ms] [LOG] [Fast Refresh] rebuilding @ webpack-internal:///(app-pages-browser)/./node_modules/.pnpm/next@15.2.8_@babel+core@7.29.0_@opentelemetry+api@1.9.1_react-dom@19.2.4_react@19.2.4__react@19.2.4/node_modules/next/dist/client/components/react-dev-overlay/app/hot-reloader-client.js:241
[  242380ms] [LOG] [Fast Refresh] done in 746ms @ webpack-internal:///(app-pages-browser)/./node_modules/.pnpm/next@15.2.8_@babel+core@7.29.0_@opentelemetry+api@1.9.1_react-dom@19.2.4_react@19.2.4__react@19.2.4/node_modules/next/dist/client/components/react-dev-overlay/app/hot-reloader-client.js:73
[  393937ms] [LOG] [Fast Refresh] rebuilding @ webpack-internal:///(app-pages-browser)/./node_modules/.pnpm/next@15.2.8_@babel+core@7.29.0_@opentelemetry+api@1.9.1_react-dom@19.2.4_react@19.2.4__react@19.2.4/node_modules/next/dist/client/components/react-dev-overlay/app/hot-reloader-client.js:241
[  394939ms] [LOG] [Fast Refresh] done in 1001ms @ webpack-internal:///(app-pages-browser)/./node_modules/.pnpm/next@15.2.8_@babel+core@7.29.0_@opentelemetry+api@1.9.1_react-dom@19.2.4_react@19.2.4__react@19.2.4/node_modules/next/dist/client/components/react-dev-overlay/app/hot-reloader-client.js:73
[  400370ms] [LOG] [Fast Refresh] rebuilding @ webpack-internal:///(app-pages-browser)/./node_modules/.pnpm/next@15.2.8_@babel+core@7.29.0_@opentelemetry+api@1.9.1_react-dom@19.2.4_react@19.2.4__react@19.2.4/node_modules/next/dist/client/components/react-dev-overlay/app/hot-reloader-client.js:241
[  400631ms] [LOG] [Fast Refresh] done in 261ms @ webpack-internal:///(app-pages-browser)/./node_modules/.pnpm/next@15.2.8_@babel+core@7.29.0_@opentelemetry+api@1.9.1_react-dom@19.2.4_react@19.2.4__react@19.2.4/node_modules/next/dist/client/components/react-dev-overlay/app/hot-reloader-client.js:73
[  416465ms] [LOG] [Fast Refresh] rebuilding @ webpack-internal:///(app-pages-browser)/./node_modules/.pnpm/next@15.2.8_@babel+core@7.29.0_@opentelemetry+api@1.9.1_react-dom@19.2.4_react@19.2.4__react@19.2.4/node_modules/next/dist/client/components/react-dev-overlay/app/hot-reloader-client.js:241
[  416696ms] [LOG] [Fast Refresh] done in 231ms @ webpack-internal:///(app-pages-browser)/./node_modules/.pnpm/next@15.2.8_@babel+core@7.29.0_@opentelemetry+api@1.9.1_react-dom@19.2.4_react@19.2.4__react@19.2.4/node_modules/next/dist/client/components/react-dev-overlay/app/hot-reloader-client.js:73
[  428501ms] [LOG] [Fast Refresh] rebuilding @ webpack-internal:///(app-pages-browser)/./node_modules/.pnpm/next@15.2.8_@babel+core@7.29.0_@opentelemetry+api@1.9.1_react-dom@19.2.4_react@19.2.4__react@19.2.4/node_modules/next/dist/client/components/react-dev-overlay/app/hot-reloader-client.js:241
[  430059ms] [LOG] [Fast Refresh] done in 1559ms @ webpack-internal:///(app-pages-browser)/./node_modules/.pnpm/next@15.2.8_@babel+core@7.29.0_@opentelemetry+api@1.9.1_react-dom@19.2.4_react@19.2.4__react@19.2.4/node_modules/next/dist/client/components/react-dev-overlay/app/hot-reloader-client.js:73
[  433881ms] [LOG] [Fast Refresh] rebuilding @ webpack-internal:///(app-pages-browser)/./node_modules/.pnpm/next@15.2.8_@babel+core@7.29.0_@opentelemetry+api@1.9.1_react-dom@19.2.4_react@19.2.4__react@19.2.4/node_modules/next/dist/client/components/react-dev-overlay/app/hot-reloader-client.js:241
[  434167ms] [LOG] [Fast Refresh] done in 286ms @ webpack-internal:///(app-pages-browser)/./node_modules/.pnpm/next@15.2.8_@babel+core@7.29.0_@opentelemetry+api@1.9.1_react-dom@19.2.4_react@19.2.4__react@19.2.4/node_modules/next/dist/client/components/react-dev-overlay/app/hot-reloader-client.js:73
[  444160ms] [LOG] [Fast Refresh] rebuilding @ webpack-internal:///(app-pages-browser)/./node_modules/.pnpm/next@15.2.8_@babel+core@7.29.0_@opentelemetry+api@1.9.1_react-dom@19.2.4_react@19.2.4__react@19.2.4/node_modules/next/dist/client/components/react-dev-overlay/app/hot-reloader-client.js:241
[  445104ms] [LOG] [Fast Refresh] done in 944ms @ webpack-internal:///(app-pages-browser)/./node_modules/.pnpm/next@15.2.8_@babel+core@7.29.0_@opentelemetry+api@1.9.1_react-dom@19.2.4_react@19.2.4__react@19.2.4/node_modules/next/dist/client/components/react-dev-overlay/app/hot-reloader-client.js:73
[  448722ms] [LOG] [Fast Refresh] rebuilding @ webpack-internal:///(app-pages-browser)/./node_modules/.pnpm/next@15.2.8_@babel+core@7.29.0_@opentelemetry+api@1.9.1_react-dom@19.2.4_react@19.2.4__react@19.2.4/node_modules/next/dist/client/components/react-dev-overlay/app/hot-reloader-client.js:241
[  448943ms] [LOG] [Fast Refresh] done in 222ms @ webpack-internal:///(app-pages-browser)/./node_modules/.pnpm/next@15.2.8_@babel+core@7.29.0_@opentelemetry+api@1.9.1_react-dom@19.2.4_react@19.2.4__react@19.2.4/node_modules/next/dist/client/components/react-dev-overlay/app/hot-reloader-client.js:73
