[     336ms] [INFO] %cDownload the React DevTools for a better development experience: https://react.dev/link/react-devtools font-weight:bold @ webpack-internal:///(app-pages-browser)/./node_modules/.pnpm/next@15.2.8_@babel+core@7.29.0_@opentelemetry+api@1.9.1_react-dom@19.2.4_react@19.2.4__react@19.2.4/node_modules/next/dist/compiled/react-dom/cjs/react-dom-client.development.js:24914
[     424ms] [LOG] %c%s%c 
[35m
[Clerk]:[0m You are running in keyless mode.
You can [35mclaim your keys[0m by visiting https://dashboard.clerk.com/apps/claim?token=uzcsk7so0ld0ey03p6dr7vxw1xiscd6b33wfru9z&return_url=http%3A%2F%2Flocalhost%3A3001%2F
 background: #e6e6e6;background: light-dark(rgba(0,0,0,0.1), rgba(255,255,255,0.25));color: #000000;color: light-dark(#000000, #ffffff);border-radius: 2px  Server   @ webpack-internal:///(app-pages-browser)/./node_modules/.pnpm/next@15.2.8_@babel+core@7.29.0_@opentelemetry+api@1.9.1_react-dom@19.2.4_react@19.2.4__react@19.2.4/node_modules/next/dist/compiled/react-server-dom-webpack/cjs/react-server-dom-webpack-client.browser.development.js:2655
[     447ms] [WARNING] Clerk: Clerk has been loaded with development keys. Development instances have strict usage limits and should not be used when deploying your application to production. Learn more: https://clerk.com/docs/deployments/overview @ https://obliging-lizard-16.clerk.accounts.dev/npm/@clerk/clerk-js@5/dist/clerk.browser.js:18
[     506ms] [ERROR] Failed to load resource: net::ERR_CONNECTION_REFUSED @ http://localhost:9000/shipping-options:0
[    3290ms] [LOG] [Fast Refresh] rebuilding @ webpack-internal:///(app-pages-browser)/./node_modules/.pnpm/next@15.2.8_@babel+core@7.29.0_@opentelemetry+api@1.9.1_react-dom@19.2.4_react@19.2.4__react@19.2.4/node_modules/next/dist/client/components/react-dev-overlay/app/hot-reloader-client.js:241
[    3714ms] [LOG] [Fast Refresh] done in 423ms @ webpack-internal:///(app-pages-browser)/./node_modules/.pnpm/next@15.2.8_@babel+core@7.29.0_@opentelemetry+api@1.9.1_react-dom@19.2.4_react@19.2.4__react@19.2.4/node_modules/next/dist/client/components/react-dev-overlay/app/hot-reloader-client.js:73
[  155258ms] [LOG] [Fast Refresh] rebuilding @ webpack-internal:///(app-pages-browser)/./node_modules/.pnpm/next@15.2.8_@babel+core@7.29.0_@opentelemetry+api@1.9.1_react-dom@19.2.4_react@19.2.4__react@19.2.4/node_modules/next/dist/client/components/react-dev-overlay/app/hot-reloader-client.js:241
[  156237ms] [LOG] [Fast Refresh] done in 978ms @ webpack-internal:///(app-pages-browser)/./node_modules/.pnpm/next@15.2.8_@babel+core@7.29.0_@opentelemetry+api@1.9.1_react-dom@19.2.4_react@19.2.4__react@19.2.4/node_modules/next/dist/client/components/react-dev-overlay/app/hot-reloader-client.js:73
[  161691ms] [LOG] [Fast Refresh] rebuilding @ webpack-internal:///(app-pages-browser)/./node_modules/.pnpm/next@15.2.8_@babel+core@7.29.0_@opentelemetry+api@1.9.1_react-dom@19.2.4_react@19.2.4__react@19.2.4/node_modules/next/dist/client/components/react-dev-overlay/app/hot-reloader-client.js:241
[  161931ms] [LOG] [Fast Refresh] done in 240ms @ webpack-internal:///(app-pages-browser)/./node_modules/.pnpm/next@15.2.8_@babel+core@7.29.0_@opentelemetry+api@1.9.1_react-dom@19.2.4_react@19.2.4__react@19.2.4/node_modules/next/dist/client/components/react-dev-overlay/app/hot-reloader-client.js:73
[  177787ms] [LOG] [Fast Refresh] rebuilding @ webpack-internal:///(app-pages-browser)/./node_modules/.pnpm/next@15.2.8_@babel+core@7.29.0_@opentelemetry+api@1.9.1_react-dom@19.2.4_react@19.2.4__react@19.2.4/node_modules/next/dist/client/components/react-dev-overlay/app/hot-reloader-client.js:241
[  177996ms] [LOG] [Fast Refresh] done in 210ms @ webpack-internal:///(app-pages-browser)/./node_modules/.pnpm/next@15.2.8_@babel+core@7.29.0_@opentelemetry+api@1.9.1_react-dom@19.2.4_react@19.2.4__react@19.2.4/node_modules/next/dist/client/components/react-dev-overlay/app/hot-reloader-client.js:73
[  189822ms] [LOG] [Fast Refresh] rebuilding @ webpack-internal:///(app-pages-browser)/./node_modules/.pnpm/next@15.2.8_@babel+core@7.29.0_@opentelemetry+api@1.9.1_react-dom@19.2.4_react@19.2.4__react@19.2.4/node_modules/next/dist/client/components/react-dev-overlay/app/hot-reloader-client.js:241
[  191374ms] [LOG] [Fast Refresh] done in 1553ms @ webpack-internal:///(app-pages-browser)/./node_modules/.pnpm/next@15.2.8_@babel+core@7.29.0_@opentelemetry+api@1.9.1_react-dom@19.2.4_react@19.2.4__react@19.2.4/node_modules/next/dist/client/components/react-dev-overlay/app/hot-reloader-client.js:73
[  195202ms] [LOG] [Fast Refresh] rebuilding @ webpack-internal:///(app-pages-browser)/./node_modules/.pnpm/next@15.2.8_@babel+core@7.29.0_@opentelemetry+api@1.9.1_react-dom@19.2.4_react@19.2.4__react@19.2.4/node_modules/next/dist/client/components/react-dev-overlay/app/hot-reloader-client.js:241
[  195477ms] [LOG] [Fast Refresh] done in 276ms @ webpack-internal:///(app-pages-browser)/./node_modules/.pnpm/next@15.2.8_@babel+core@7.29.0_@opentelemetry+api@1.9.1_react-dom@19.2.4_react@19.2.4__react@19.2.4/node_modules/next/dist/client/components/react-dev-overlay/app/hot-reloader-client.js:73
[  205481ms] [LOG] [Fast Refresh] rebuilding @ webpack-internal:///(app-pages-browser)/./node_modules/.pnpm/next@15.2.8_@babel+core@7.29.0_@opentelemetry+api@1.9.1_react-dom@19.2.4_react@19.2.4__react@19.2.4/node_modules/next/dist/client/components/react-dev-overlay/app/hot-reloader-client.js:241
[  206395ms] [LOG] [Fast Refresh] done in 914ms @ webpack-internal:///(app-pages-browser)/./node_modules/.pnpm/next@15.2.8_@babel+core@7.29.0_@opentelemetry+api@1.9.1_react-dom@19.2.4_react@19.2.4__react@19.2.4/node_modules/next/dist/client/components/react-dev-overlay/app/hot-reloader-client.js:73
[  210043ms] [LOG] [Fast Refresh] rebuilding @ webpack-internal:///(app-pages-browser)/./node_modules/.pnpm/next@15.2.8_@babel+core@7.29.0_@opentelemetry+api@1.9.1_react-dom@19.2.4_react@19.2.4__react@19.2.4/node_modules/next/dist/client/components/react-dev-overlay/app/hot-reloader-client.js:241
[  210256ms] [LOG] [Fast Refresh] done in 213ms @ webpack-internal:///(app-pages-browser)/./node_modules/.pnpm/next@15.2.8_@babel+core@7.29.0_@opentelemetry+api@1.9.1_react-dom@19.2.4_react@19.2.4__react@19.2.4/node_modules/next/dist/client/components/react-dev-overlay/app/hot-reloader-client.js:73
[  646640ms] [LOG] [Fast Refresh] rebuilding @ webpack-internal:///(app-pages-browser)/./node_modules/.pnpm/next@15.2.8_@babel+core@7.29.0_@opentelemetry+api@1.9.1_react-dom@19.2.4_react@19.2.4__react@19.2.4/node_modules/next/dist/client/components/react-dev-overlay/app/hot-reloader-client.js:241
[  648438ms] [LOG] [Fast Refresh] done in 1798ms @ webpack-internal:///(app-pages-browser)/./node_modules/.pnpm/next@15.2.8_@babel+core@7.29.0_@opentelemetry+api@1.9.1_react-dom@19.2.4_react@19.2.4__react@19.2.4/node_modules/next/dist/client/components/react-dev-overlay/app/hot-reloader-client.js:73
[ 1987776ms] [LOG] [Fast Refresh] rebuilding @ webpack-internal:///(app-pages-browser)/./node_modules/.pnpm/next@15.2.8_@babel+core@7.29.0_@opentelemetry+api@1.9.1_react-dom@19.2.4_react@19.2.4__react@19.2.4/node_modules/next/dist/client/components/react-dev-overlay/app/hot-reloader-client.js:241
[ 1988655ms] [LOG] [Fast Refresh] done in 881ms @ webpack-internal:///(app-pages-browser)/./node_modules/.pnpm/next@15.2.8_@babel+core@7.29.0_@opentelemetry+api@1.9.1_react-dom@19.2.4_react@19.2.4__react@19.2.4/node_modules/next/dist/client/components/react-dev-overlay/app/hot-reloader-client.js:73
[ 1990594ms] [LOG] %c%s%c 
[35m
[Clerk]:[0m You are running in keyless mode.
You can [35mclaim your keys[0m by visiting https://dashboard.clerk.com/apps/claim?token=uzcsk7so0ld0ey03p6dr7vxw1xiscd6b33wfru9z&return_url=http%3A%2F%2Flocalhost%3A3001%2F
 background: #e6e6e6;background: light-dark(rgba(0,0,0,0.1), rgba(255,255,255,0.25));color: #000000;color: light-dark(#000000, #ffffff);border-radius: 2px  Server   @ webpack-internal:///(app-pages-browser)/./node_modules/.pnpm/next@15.2.8_@babel+core@7.29.0_@opentelemetry+api@1.9.1_react-dom@19.2.4_react@19.2.4__react@19.2.4/node_modules/next/dist/compiled/react-server-dom-webpack/cjs/react-server-dom-webpack-client.browser.development.js:2655
